# JRE version: OpenJDK Runtime Environment Temurin-21.0.9+10 (21.0.9+10) (build 21.0.9+10-LTS)
# Java VM: OpenJDK 64-Bit Server VM Temurin-21.0.9+10 (21.0.9+10-LTS, mixed mode, sharing, tiered, compressed oops, compressed class ptrs, parallel gc, windows-amd64)
GC Precious Log:
 CardTable entry size: 512
 CPUs: 16 total, 16 available
 Memory: 24243M
 Large Page Support: Disabled
 NUMA Support: Disabled
 Compressed Oops: Enabled (32-bit)
 Alignments: Space 512K, Generation 512K, Heap 2M
 Heap Min Capacity: 100M
 Heap Initial Capacity: 100M
 Heap Max Capacity: 2G
 Pre-touch: Disabled
 Parallel Workers: 13
Heap:
 PSYoungGen      total 16896K, used 937K [0x00000000d5580000, 0x00000000d6880000, 0x0000000100000000)
  eden space 15872K, 1% used [0x00000000d5580000,0x00000000d55b05a8,0x00000000d6500000)
  from space 1024K, 72% used [0x00000000d6700000,0x00000000d67ba1b8,0x00000000d6800000)
  to   space 512K, 0% used [0x00000000d6800000,0x00000000d6800000,0x00000000d6880000)
 ParOldGen       total 68608K, used 39727K [0x0000000080000000, 0x0000000084300000, 0x00000000d5580000)
  object space 68608K, 57% used [0x0000000080000000,0x00000000826cbdb8,0x0000000084300000)
 Metaspace       used 53295K, committed 54592K, reserved 1114112K
  class space    used 5825K, committed 6336K, reserved 1048576K
GC Heap History (20 events):
Event: 17.739 GC heap before
{Heap before GC invocations=19 (full 2):
 PSYoungGen      total 16384K, used 16382K [0x00000000d5580000, 0x00000000d7b00000, 0x0000000100000000)
  eden space 15872K, 99% used [0x00000000d5580000,0x00000000d64ffaa0,0x00000000d6500000)
  from space 512K, 100% used [0x00000000d6e80000,0x00000000d6f00000,0x00000000d6f00000)
  to   space 9728K, 0% used [0x00000000d6500000,0x00000000d6500000,0x00000000d6e80000)
 ParOldGen       total 68608K, used 28690K [0x0000000080000000, 0x0000000084300000, 0x00000000d5580000)
  object space 68608K, 41% used [0x0000000080000000,0x0000000081c04b88,0x0000000084300000)
 Metaspace       used 42347K, committed 43520K, reserved 1114112K
  class space    used 4463K, committed 4992K, reserved 1048576K
}
Event: 17.742 GC heap after
{Heap after GC invocations=19 (full 2):
 PSYoungGen      total 20480K, used 4576K [0x00000000d5580000, 0x00000000d7100000, 0x0000000100000000)
  eden space 15872K, 0% used [0x00000000d5580000,0x00000000d5580000,0x00000000d6500000)
  from space 4608K, 99% used [0x00000000d6500000,0x00000000d6978000,0x00000000d6980000)
  to   space 6144K, 0% used [0x00000000d6b00000,0x00000000d6b00000,0x00000000d7100000)
 ParOldGen       total 68608K, used 29189K [0x0000000080000000, 0x0000000084300000, 0x00000000d5580000)
  object space 68608K, 42% used [0x0000000080000000,0x0000000081c816d0,0x0000000084300000)
 Metaspace       used 42347K, committed 43520K, reserved 1114112K
  class space    used 4463K, committed 4992K, reserved 1048576K
}
Event: 18.034 GC heap before
{Heap before GC invocations=20 (full 2):
 PSYoungGen      total 20480K, used 20448K [0x00000000d5580000, 0x00000000d7100000, 0x0000000100000000)
  eden space 15872K, 100% used [0x00000000d5580000,0x00000000d6500000,0x00000000d6500000)
  from space 4608K, 99% used [0x00000000d6500000,0x00000000d6978000,0x00000000d6980000)
  to   space 6144K, 0% used [0x00000000d6b00000,0x00000000d6b00000,0x00000000d7100000)
 ParOldGen       total 68608K, used 29189K [0x0000000080000000, 0x0000000084300000, 0x00000000d5580000)
  object space 68608K, 42% used [0x0000000080000000,0x0000000081c816d0,0x0000000084300000)
 Metaspace       used 43608K, committed 44800K, reserved 1114112K
  class space    used 4642K, committed 5184K, reserved 1048576K
}
Event: 18.037 GC heap after
{Heap after GC invocations=20 (full 2):
 PSYoungGen      total 17408K, used 1135K [0x00000000d5580000, 0x00000000d6c80000, 0x0000000100000000)
  eden space 15872K, 0% used [0x00000000d5580000,0x00000000d5580000,0x00000000d6500000)
  from space 1536K, 73% used [0x00000000d6b00000,0x00000000d6c1bf60,0x00000000d6c80000)
  to   space 3072K, 0% used [0x00000000d6680000,0x00000000d6680000,0x00000000d6980000)
 ParOldGen       total 68608K, used 33571K [0x0000000080000000, 0x0000000084300000, 0x00000000d5580000)
  object space 68608K, 48% used [0x0000000080000000,0x00000000820c8ea0,0x0000000084300000)
 Metaspace       used 43608K, committed 44800K, reserved 1114112K
  class space    used 4642K, committed 5184K, reserved 1048576K
}
Event: 18.384 GC heap before
{Heap before GC invocations=21 (full 2):
 PSYoungGen      total 17408K, used 17007K [0x00000000d5580000, 0x00000000d6c80000, 0x0000000100000000)
  eden space 15872K, 100% used [0x00000000d5580000,0x00000000d6500000,0x00000000d6500000)
  from space 1536K, 73% used [0x00000000d6b00000,0x00000000d6c1bf60,0x00000000d6c80000)
  to   space 3072K, 0% used [0x00000000d6680000,0x00000000d6680000,0x00000000d6980000)
 ParOldGen       total 68608K, used 33571K [0x0000000080000000, 0x0000000084300000, 0x00000000d5580000)
  object space 68608K, 48% used [0x0000000080000000,0x00000000820c8ea0,0x0000000084300000)
 Metaspace       used 44614K, committed 45824K, reserved 1114112K
  class space    used 4771K, committed 5312K, reserved 1048576K
}
Event: 18.386 GC heap after
{Heap after GC invocations=21 (full 2):
 PSYoungGen      total 18944K, used 1696K [0x00000000d5580000, 0x00000000d6b80000, 0x0000000100000000)
  eden space 15872K, 0% used [0x00000000d5580000,0x00000000d5580000,0x00000000d6500000)
  from space 3072K, 55% used [0x00000000d6680000,0x00000000d6828000,0x00000000d6980000)
  to   space 2048K, 0% used [0x00000000d6980000,0x00000000d6980000,0x00000000d6b80000)
 ParOldGen       total 68608K, used 34136K [0x0000000080000000, 0x0000000084300000, 0x00000000d5580000)
  object space 68608K, 49% used [0x0000000080000000,0x0000000082156138,0x0000000084300000)
 Metaspace       used 44614K, committed 45824K, reserved 1114112K
  class space    used 4771K, committed 5312K, reserved 1048576K
}
Event: 18.675 GC heap before
{Heap before GC invocations=22 (full 2):
 PSYoungGen      total 18944K, used 17568K [0x00000000d5580000, 0x00000000d6b80000, 0x0000000100000000)
  eden space 15872K, 100% used [0x00000000d5580000,0x00000000d6500000,0x00000000d6500000)
  from space 3072K, 55% used [0x00000000d6680000,0x00000000d6828000,0x00000000d6980000)
  to   space 2048K, 0% used [0x00000000d6980000,0x00000000d6980000,0x00000000d6b80000)
 ParOldGen       total 68608K, used 34136K [0x0000000080000000, 0x0000000084300000, 0x00000000d5580000)
  object space 68608K, 49% used [0x0000000080000000,0x0000000082156138,0x0000000084300000)
 Metaspace       used 46195K, committed 47488K, reserved 1114112K
  class space    used 4963K, committed 5504K, reserved 1048576K
}
Event: 18.676 GC heap after
{Heap after GC invocations=22 (full 2):
 PSYoungGen      total 16896K, used 672K [0x00000000d5580000, 0x00000000d6a80000, 0x0000000100000000)
  eden space 15872K, 0% used [0x00000000d5580000,0x00000000d5580000,0x00000000d6500000)
  from space 1024K, 65% used [0x00000000d6980000,0x00000000d6a28000,0x00000000d6a80000)
  to   space 1536K, 0% used [0x00000000d6780000,0x00000000d6780000,0x00000000d6900000)
 ParOldGen       total 68608K, used 35560K [0x0000000080000000, 0x0000000084300000, 0x00000000d5580000)
  object space 68608K, 51% used [0x0000000080000000,0x00000000822ba138,0x0000000084300000)
 Metaspace       used 46195K, committed 47488K, reserved 1114112K
  class space    used 4963K, committed 5504K, reserved 1048576K
}
Event: 18.874 GC heap before
{Heap before GC invocations=23 (full 2):
 PSYoungGen      total 16896K, used 16544K [0x00000000d5580000, 0x00000000d6a80000, 0x0000000100000000)
  eden space 15872K, 100% used [0x00000000d5580000,0x00000000d6500000,0x00000000d6500000)
  from space 1024K, 65% used [0x00000000d6980000,0x00000000d6a28000,0x00000000d6a80000)
  to   space 1536K, 0% used [0x00000000d6780000,0x00000000d6780000,0x00000000d6900000)
 ParOldGen       total 68608K, used 35560K [0x0000000080000000, 0x0000000084300000, 0x00000000d5580000)
  object space 68608K, 51% used [0x0000000080000000,0x00000000822ba138,0x0000000084300000)
 Metaspace       used 47874K, committed 49088K, reserved 1114112K
  class space    used 5190K, committed 5696K, reserved 1048576K
}
Event: 18.876 GC heap after
{Heap after GC invocations=23 (full 2):
 PSYoungGen      total 16896K, used 992K [0x00000000d5580000, 0x00000000d6a00000, 0x0000000100000000)
  eden space 15872K, 0% used [0x00000000d5580000,0x00000000d5580000,0x00000000d6500000)
  from space 1024K, 96% used [0x00000000d6780000,0x00000000d6878000,0x00000000d6880000)
  to   space 1536K, 0% used [0x00000000d6880000,0x00000000d6880000,0x00000000d6a00000)
 ParOldGen       total 68608K, used 36032K [0x0000000080000000, 0x0000000084300000, 0x00000000d5580000)
  object space 68608K, 52% used [0x0000000080000000,0x0000000082330138,0x0000000084300000)
 Metaspace       used 47874K, committed 49088K, reserved 1114112K
  class space    used 5190K, committed 5696K, reserved 1048576K
}
Event: 19.104 GC heap before
{Heap before GC invocations=24 (full 2):
 PSYoungGen      total 16896K, used 16864K [0x00000000d5580000, 0x00000000d6a00000, 0x0000000100000000)
  eden space 15872K, 100% used [0x00000000d5580000,0x00000000d6500000,0x00000000d6500000)
  from space 1024K, 96% used [0x00000000d6780000,0x00000000d6878000,0x00000000d6880000)
  to   space 1536K, 0% used [0x00000000d6880000,0x00000000d6880000,0x00000000d6a00000)
 ParOldGen       total 68608K, used 36032K [0x0000000080000000, 0x0000000084300000, 0x00000000d5580000)
  object space 68608K, 52% used [0x0000000080000000,0x0000000082330138,0x0000000084300000)
 Metaspace       used 49822K, committed 51072K, reserved 1114112K
  class space    used 5462K, committed 6016K, reserved 1048576K
}
Event: 19.106 GC heap after
{Heap after GC invocations=24 (full 2):
 PSYoungGen      total 17408K, used 1184K [0x00000000d5580000, 0x00000000d6a00000, 0x0000000100000000)
  eden space 15872K, 0% used [0x00000000d5580000,0x00000000d5580000,0x00000000d6500000)
  from space 1536K, 77% used [0x00000000d6880000,0x00000000d69a8000,0x00000000d6a00000)
  to   space 1536K, 0% used [0x00000000d6700000,0x00000000d6700000,0x00000000d6880000)
 ParOldGen       total 68608K, used 36843K [0x0000000080000000, 0x0000000084300000, 0x00000000d5580000)
  object space 68608K, 53% used [0x0000000080000000,0x00000000823fae48,0x0000000084300000)
 Metaspace       used 49822K, committed 51072K, reserved 1114112K
  class space    used 5462K, committed 6016K, reserved 1048576K
}
Event: 19.369 GC heap before
{Heap before GC invocations=25 (full 2):
 PSYoungGen      total 17408K, used 17056K [0x00000000d5580000, 0x00000000d6a00000, 0x0000000100000000)
  eden space 15872K, 100% used [0x00000000d5580000,0x00000000d6500000,0x00000000d6500000)
  from space 1536K, 77% used [0x00000000d6880000,0x00000000d69a8000,0x00000000d6a00000)
  to   space 1536K, 0% used [0x00000000d6700000,0x00000000d6700000,0x00000000d6880000)
 ParOldGen       total 68608K, used 36843K [0x0000000080000000, 0x0000000084300000, 0x00000000d5580000)
  object space 68608K, 53% used [0x0000000080000000,0x00000000823fae48,0x0000000084300000)
 Metaspace       used 51530K, committed 52800K, reserved 1114112K
  class space    used 5653K, committed 6208K, reserved 1048576K
}
Event: 19.371 GC heap after
{Heap after GC invocations=25 (full 2):
 PSYoungGen      total 17408K, used 1312K [0x00000000d5580000, 0x00000000d6900000, 0x0000000100000000)
  eden space 15872K, 0% used [0x00000000d5580000,0x00000000d5580000,0x00000000d6500000)
  from space 1536K, 85% used [0x00000000d6700000,0x00000000d68482e0,0x00000000d6880000)
  to   space 512K, 0% used [0x00000000d6880000,0x00000000d6880000,0x00000000d6900000)
 ParOldGen       total 68608K, used 37759K [0x0000000080000000, 0x0000000084300000, 0x00000000d5580000)
  object space 68608K, 55% used [0x0000000080000000,0x00000000824dfe58,0x0000000084300000)
 Metaspace       used 51530K, committed 52800K, reserved 1114112K
  class space    used 5653K, committed 6208K, reserved 1048576K
}
Event: 19.812 GC heap before
{Heap before GC invocations=26 (full 2):
 PSYoungGen      total 17408K, used 17184K [0x00000000d5580000, 0x00000000d6900000, 0x0000000100000000)
  eden space 15872K, 100% used [0x00000000d5580000,0x00000000d6500000,0x00000000d6500000)
  from space 1536K, 85% used [0x00000000d6700000,0x00000000d68482e0,0x00000000d6880000)
  to   space 512K, 0% used [0x00000000d6880000,0x00000000d6880000,0x00000000d6900000)
 ParOldGen       total 68608K, used 37759K [0x0000000080000000, 0x0000000084300000, 0x00000000d5580000)
  object space 68608K, 55% used [0x0000000080000000,0x00000000824dfe58,0x0000000084300000)
 Metaspace       used 51824K, committed 53056K, reserved 1114112K
  class space    used 5672K, committed 6208K, reserved 1048576K
}
Event: 19.813 GC heap after
{Heap after GC invocations=26 (full 2):
 PSYoungGen      total 16384K, used 320K [0x00000000d5580000, 0x00000000d6900000, 0x0000000100000000)
  eden space 15872K, 0% used [0x00000000d5580000,0x00000000d5580000,0x00000000d6500000)
  from space 512K, 62% used [0x00000000d6880000,0x00000000d68d0000,0x00000000d6900000)
  to   space 1024K, 0% used [0x00000000d6700000,0x00000000d6700000,0x00000000d6800000)
 ParOldGen       total 68608K, used 38824K [0x0000000080000000, 0x0000000084300000, 0x00000000d5580000)
  object space 68608K, 56% used [0x0000000080000000,0x00000000825ea238,0x0000000084300000)
 Metaspace       used 51824K, committed 53056K, reserved 1114112K
  class space    used 5672K, committed 6208K, reserved 1048576K
}
Event: 20.025 GC heap before
{Heap before GC invocations=27 (full 2):
 PSYoungGen      total 16384K, used 16192K [0x00000000d5580000, 0x00000000d6900000, 0x0000000100000000)
  eden space 15872K, 100% used [0x00000000d5580000,0x00000000d6500000,0x00000000d6500000)
  from space 512K, 62% used [0x00000000d6880000,0x00000000d68d0000,0x00000000d6900000)
  to   space 1024K, 0% used [0x00000000d6700000,0x00000000d6700000,0x00000000d6800000)
 ParOldGen       total 68608K, used 38824K [0x0000000080000000, 0x0000000084300000, 0x00000000d5580000)
  object space 68608K, 56% used [0x0000000080000000,0x00000000825ea238,0x0000000084300000)
 Metaspace       used 51879K, committed 53120K, reserved 1114112K
  class space    used 5680K, committed 6208K, reserved 1048576K
}
Event: 20.027 GC heap after
{Heap after GC invocations=27 (full 2):
 PSYoungGen      total 16896K, used 541K [0x00000000d5580000, 0x00000000d6900000, 0x0000000100000000)
  eden space 15872K, 0% used [0x00000000d5580000,0x00000000d5580000,0x00000000d6500000)
  from space 1024K, 52% used [0x00000000d6700000,0x00000000d6787600,0x00000000d6800000)
  to   space 1024K, 0% used [0x00000000d6800000,0x00000000d6800000,0x00000000d6900000)
 ParOldGen       total 68608K, used 38936K [0x0000000080000000, 0x0000000084300000, 0x00000000d5580000)
  object space 68608K, 56% used [0x0000000080000000,0x0000000082606238,0x0000000084300000)
 Metaspace       used 51879K, committed 53120K, reserved 1114112K
  class space    used 5680K, committed 6208K, reserved 1048576K
}
Event: 20.234 GC heap before
{Heap before GC invocations=28 (full 2):
 PSYoungGen      total 16896K, used 16413K [0x00000000d5580000, 0x00000000d6900000, 0x0000000100000000)
  eden space 15872K, 100% used [0x00000000d5580000,0x00000000d6500000,0x00000000d6500000)
  from space 1024K, 52% used [0x00000000d6700000,0x00000000d6787600,0x00000000d6800000)
  to   space 1024K, 0% used [0x00000000d6800000,0x00000000d6800000,0x00000000d6900000)
 ParOldGen       total 68608K, used 38936K [0x0000000080000000, 0x0000000084300000, 0x00000000d5580000)
  object space 68608K, 56% used [0x0000000080000000,0x0000000082606238,0x0000000084300000)
 Metaspace       used 52167K, committed 53312K, reserved 1114112K
  class space    used 5708K, committed 6208K, reserved 1048576K
}
Event: 20.235 GC heap after
{Heap after GC invocations=28 (full 2):
 PSYoungGen      total 16896K, used 800K [0x00000000d5580000, 0x00000000d6900000, 0x0000000100000000)
  eden space 15872K, 0% used [0x00000000d5580000,0x00000000d5580000,0x00000000d6500000)
  from space 1024K, 78% used [0x00000000d6800000,0x00000000d68c8000,0x00000000d6900000)
  to   space 1024K, 0% used [0x00000000d6700000,0x00000000d6700000,0x00000000d6800000)
 ParOldGen       total 68608K, used 39088K [0x0000000080000000, 0x0000000084300000, 0x00000000d5580000)
  object space 68608K, 56% used [0x0000000080000000,0x000000008262c238,0x0000000084300000)
 Metaspace       used 52167K, committed 53312K, reserved 1114112K
  class space    used 5708K, committed 6208K, reserved 1048576K
}

